2026-05-25 11:59:25,800 INFO o.a.j.u.JMeterUtils: Setting Locale to en_EN
2026-05-25 11:59:25,833 INFO o.a.j.JMeter: Loading user properties from: /opt/homebrew/Cellar/jmeter/5.6.3/libexec/bin/user.properties
2026-05-25 11:59:25,833 INFO o.a.j.JMeter: Loading system properties from: /opt/homebrew/Cellar/jmeter/5.6.3/libexec/bin/system.properties
2026-05-25 11:59:25,838 INFO o.a.j.JMeter: Copyright (c) 1998-2024 The Apache Software Foundation
2026-05-25 11:59:25,838 INFO o.a.j.JMeter: Version 5.6.3
2026-05-25 11:59:25,838 INFO o.a.j.JMeter: java.version=21.0.11
2026-05-25 11:59:25,838 INFO o.a.j.JMeter: java.vm.name=OpenJDK 64-Bit Server VM
2026-05-25 11:59:25,838 INFO o.a.j.JMeter: os.name=Mac OS X
2026-05-25 11:59:25,838 INFO o.a.j.JMeter: os.arch=aarch64
2026-05-25 11:59:25,838 INFO o.a.j.JMeter: os.version=15.5
2026-05-25 11:59:25,838 INFO o.a.j.JMeter: file.encoding=UTF-8
2026-05-25 11:59:25,838 INFO o.a.j.JMeter: java.awt.headless=null
2026-05-25 11:59:25,838 INFO o.a.j.JMeter: Max memory     =1073741824
2026-05-25 11:59:25,838 INFO o.a.j.JMeter: Available Processors =8
2026-05-25 11:59:25,845 INFO o.a.j.JMeter: Default Locale=English (EN)
2026-05-25 11:59:25,845 INFO o.a.j.JMeter: JMeter  Locale=English (EN)
2026-05-25 11:59:25,845 INFO o.a.j.JMeter: JMeterHome=/opt/homebrew/Cellar/jmeter/5.6.3/libexec
2026-05-25 11:59:25,845 INFO o.a.j.JMeter: user.dir  =/Users/yashikathakur/Desktop/NeuraExplain 2
2026-05-25 11:59:25,845 INFO o.a.j.JMeter: PWD       =/Users/yashikathakur/Desktop/NeuraExplain 2
2026-05-25 11:59:25,847 INFO o.a.j.JMeter: IP: 127.0.0.1 Name: Yashikas-MacBook-Air-2.local FullName: localhost
2026-05-25 11:59:25,856 INFO o.a.j.JMeter: Loaded icon properties from org/apache/jmeter/images/icon.properties
2026-05-25 11:59:26,625 INFO o.a.j.JMeterGuiLauncher: Setting LAF to: com.github.weisj.darklaf.DarkLaf:com.github.weisj.darklaf.theme.DarculaTheme
2026-05-25 11:59:27,915 INFO o.a.j.r.ClassFinder: Will scan jar /opt/homebrew/Cellar/jmeter/5.6.3/libexec/lib/ext/jmeter-plugins-manager-1.9.jar with filter ExtendsClassFilter [parents=[interface org.apache.jmeter.gui.action.Command], inner=false, contains=null, notContains=null]. Consider exposing JMeter plugins via META-INF/services, and add JMeter-Skip-Class-Scanning=true manifest attribute so JMeter can skip classfile scanning
2026-05-25 11:59:27,985 INFO o.a.j.r.ClassFinder: Will scan jar /opt/homebrew/Cellar/jmeter/5.6.3/libexec/lib/ext/jmeter-plugins-manager-1.9.jar with filter ExtendsClassFilter [parents=[interface org.apache.jmeter.gui.plugin.MenuCreator], inner=false, contains=null, notContains=null]. Consider exposing JMeter plugins via META-INF/services, and add JMeter-Skip-Class-Scanning=true manifest attribute so JMeter can skip classfile scanning
2026-05-25 11:59:28,039 INFO o.j.r.JARSourceHTTP: Requesting https://jmeter-plugins.org/repo/?installID=mac_os_x-4fbfa47f74f73b843b172bb88d21e4ba-gui
2026-05-25 11:59:31,639 INFO o.j.r.PluginManager: Plugins Status: [jpgc-plugins-manager=1.9, jmeter-core=5.6.3, jmeter-ftp=5.6.3, jmeter-http=5.6.3, jmeter-jdbc=5.6.3, jmeter-jms=5.6.3, jmeter-junit=5.6.3, jmeter-java=5.6.3, jmeter-ldap=5.6.3, jmeter-mail=5.6.3, jmeter-mongodb=5.6.3, jmeter-native=5.6.3, jmeter-tcp=5.6.3, jmeter-components=5.6.3]
2026-05-25 11:59:32,407 INFO o.j.r.PluginManagerMenuItem: Plugins Manager has upgrades: [jpgc-plugins-manager]
2026-05-25 12:01:12,633 INFO o.a.j.p.h.s.HTTPSamplerBase: Parser for text/html is org.apache.jmeter.protocol.http.parser.LagartoBasedHtmlParser
2026-05-25 12:01:12,636 INFO o.a.j.p.h.s.HTTPSamplerBase: Parser for application/xhtml+xml is org.apache.jmeter.protocol.http.parser.LagartoBasedHtmlParser
2026-05-25 12:01:12,636 INFO o.a.j.p.h.s.HTTPSamplerBase: Parser for application/xml is org.apache.jmeter.protocol.http.parser.LagartoBasedHtmlParser
2026-05-25 12:01:12,636 INFO o.a.j.p.h.s.HTTPSamplerBase: Parser for text/xml is org.apache.jmeter.protocol.http.parser.LagartoBasedHtmlParser
2026-05-25 12:01:12,636 INFO o.a.j.p.h.s.HTTPSamplerBase: Parser for text/vnd.wap.wml is org.apache.jmeter.protocol.http.parser.RegexpHTMLParser
2026-05-25 12:01:12,636 INFO o.a.j.p.h.s.HTTPSamplerBase: Parser for text/css is org.apache.jmeter.protocol.http.parser.CssParser
2026-05-25 12:04:24,440 INFO o.a.j.s.SampleResult: Note: Sample TimeStamps are START times
2026-05-25 12:04:24,442 INFO o.a.j.s.SampleResult: sampleresult.default.encoding is set to UTF-8
2026-05-25 12:04:24,442 INFO o.a.j.s.SampleResult: sampleresult.useNanoTime=true
2026-05-25 12:04:24,442 INFO o.a.j.s.SampleResult: sampleresult.nanoThreadSleep=5000
2026-05-25 12:04:24,515 INFO o.a.j.r.ClassFinder: Will scan jar /opt/homebrew/Cellar/jmeter/5.6.3/libexec/lib/ext/jmeter-plugins-manager-1.9.jar with filter ExtendsClassFilter [parents=[interface org.apache.jmeter.visualizers.ResultRenderer], inner=false, contains=null, notContains=null]. Consider exposing JMeter plugins via META-INF/services, and add JMeter-Skip-Class-Scanning=true manifest attribute so JMeter can skip classfile scanning
2026-05-25 12:04:24,531 INFO o.a.j.r.ClassFinder: Will scan jar /opt/homebrew/Cellar/jmeter/5.6.3/libexec/lib/ext/jmeter-plugins-manager-1.9.jar with filter ExtendsClassFilter [parents=[interface org.apache.jmeter.visualizers.RequestView], inner=false, contains=null, notContains=null]. Consider exposing JMeter plugins via META-INF/services, and add JMeter-Skip-Class-Scanning=true manifest attribute so JMeter can skip classfile scanning
2026-05-25 12:04:45,826 INFO o.a.j.s.FileServer: Default base='/Users/yashikathakur/Desktop/NeuraExplain 2'
2026-05-25 12:04:45,827 INFO o.a.j.s.FileServer: Set new base='/Users/yashikathakur/Desktop/NeuraExplain 2'
2026-05-25 12:04:45,985 INFO o.a.j.s.SaveService: Testplan (JMX) version: 2.2. Testlog (JTL) version: 2.2
2026-05-25 12:04:45,991 INFO o.a.j.s.SaveService: Using SaveService properties version 5.0
2026-05-25 12:04:45,993 INFO o.a.j.s.SaveService: Using SaveService properties file encoding UTF-8
2026-05-25 12:04:46,014 INFO o.a.j.e.StandardJMeterEngine: Running the test!
2026-05-25 12:04:46,015 INFO o.a.j.s.SampleEvent: List of sample_variables: []
2026-05-25 12:04:46,015 INFO o.a.j.s.SampleEvent: List of sample_variables: []
2026-05-25 12:04:46,016 INFO o.a.j.e.u.CompoundVariable: Note: Function class names must contain the string: '.functions.'
2026-05-25 12:04:46,016 INFO o.a.j.e.u.CompoundVariable: Note: Function class names must not contain the string: '.gui.'
2026-05-25 12:04:46,051 INFO o.a.j.r.ClassFinder: Will scan jar /opt/homebrew/Cellar/jmeter/5.6.3/libexec/lib/ext/jmeter-plugins-manager-1.9.jar with filter ExtendsClassFilter [parents=[interface org.apache.jmeter.functions.Function], inner=false, contains=null, notContains=null]. Consider exposing JMeter plugins via META-INF/services, and add JMeter-Skip-Class-Scanning=true manifest attribute so JMeter can skip classfile scanning
2026-05-25 12:04:46,062 INFO o.a.j.g.u.JMeterMenuBar: setRunning(true, *local*)
2026-05-25 12:04:46,095 INFO o.a.j.e.StandardJMeterEngine: Starting ThreadGroup: 1 : Thread Group
2026-05-25 12:04:46,095 INFO o.a.j.e.StandardJMeterEngine: Starting 1 threads for group Thread Group.
2026-05-25 12:04:46,096 INFO o.a.j.e.StandardJMeterEngine: Thread will continue on error
2026-05-25 12:04:46,096 INFO o.a.j.t.ThreadGroup: Starting thread group... number=1 threads=1 ramp-up=1 delayedStart=false
2026-05-25 12:04:46,098 INFO o.a.j.t.ThreadGroup: Started thread group number 1
2026-05-25 12:04:46,098 INFO o.a.j.e.StandardJMeterEngine: All thread groups have been started
2026-05-25 12:04:46,098 INFO o.a.j.t.JMeterThread: Thread started: Thread Group 1-1
2026-05-25 12:04:46,104 INFO o.a.j.p.h.s.HTTPHCAbstractImpl: Local host = Yashikas-MacBook-Air-2.local
2026-05-25 12:04:46,108 INFO o.a.j.p.h.s.HTTPHC4Impl: HTTP request retry count = 0
2026-05-25 12:04:46,165 INFO o.a.j.t.JMeterThread: Thread is done: Thread Group 1-1
2026-05-25 12:04:46,165 INFO o.a.j.t.JMeterThread: Thread finished: Thread Group 1-1
2026-05-25 12:04:46,166 INFO o.a.j.e.StandardJMeterEngine: Notifying test listeners of end of test
2026-05-25 12:04:46,167 INFO o.a.j.g.u.JMeterMenuBar: setRunning(false, *local*)
2026-05-25 12:04:50,611 INFO o.a.j.e.StandardJMeterEngine: Running the test!
2026-05-25 12:04:50,613 INFO o.a.j.s.SampleEvent: List of sample_variables: []
2026-05-25 12:04:50,615 INFO o.a.j.g.u.JMeterMenuBar: setRunning(true, *local*)
2026-05-25 12:04:50,659 INFO o.a.j.e.StandardJMeterEngine: Starting ThreadGroup: 1 : Thread Group
2026-05-25 12:04:50,659 INFO o.a.j.e.StandardJMeterEngine: Starting 1 threads for group Thread Group.
2026-05-25 12:04:50,659 INFO o.a.j.e.StandardJMeterEngine: Thread will continue on error
2026-05-25 12:04:50,659 INFO o.a.j.t.ThreadGroup: Starting thread group... number=1 threads=1 ramp-up=1 delayedStart=false
2026-05-25 12:04:50,660 INFO o.a.j.t.ThreadGroup: Started thread group number 1
2026-05-25 12:04:50,660 INFO o.a.j.e.StandardJMeterEngine: All thread groups have been started
2026-05-25 12:04:50,660 INFO o.a.j.t.JMeterThread: Thread started: Thread Group 1-1
2026-05-25 12:04:50,666 INFO o.a.j.t.JMeterThread: Thread is done: Thread Group 1-1
2026-05-25 12:04:50,667 INFO o.a.j.t.JMeterThread: Thread finished: Thread Group 1-1
2026-05-25 12:04:50,667 INFO o.a.j.e.StandardJMeterEngine: Notifying test listeners of end of test
2026-05-25 12:04:50,668 INFO o.a.j.g.u.JMeterMenuBar: setRunning(false, *local*)
2026-05-25 12:04:53,454 INFO o.a.j.e.StandardJMeterEngine: Running the test!
2026-05-25 12:04:53,455 INFO o.a.j.s.SampleEvent: List of sample_variables: []
2026-05-25 12:04:53,455 INFO o.a.j.g.u.JMeterMenuBar: setRunning(true, *local*)
2026-05-25 12:04:53,479 INFO o.a.j.e.StandardJMeterEngine: Starting ThreadGroup: 1 : Thread Group
2026-05-25 12:04:53,479 INFO o.a.j.e.StandardJMeterEngine: Starting 1 threads for group Thread Group.
2026-05-25 12:04:53,479 INFO o.a.j.e.StandardJMeterEngine: Thread will continue on error
2026-05-25 12:04:53,479 INFO o.a.j.t.ThreadGroup: Starting thread group... number=1 threads=1 ramp-up=1 delayedStart=false
2026-05-25 12:04:53,480 INFO o.a.j.t.ThreadGroup: Started thread group number 1
2026-05-25 12:04:53,480 INFO o.a.j.e.StandardJMeterEngine: All thread groups have been started
2026-05-25 12:04:53,480 INFO o.a.j.t.JMeterThread: Thread started: Thread Group 1-1
2026-05-25 12:04:53,483 INFO o.a.j.t.JMeterThread: Thread is done: Thread Group 1-1
2026-05-25 12:04:53,484 INFO o.a.j.t.JMeterThread: Thread finished: Thread Group 1-1
2026-05-25 12:04:53,484 INFO o.a.j.e.StandardJMeterEngine: Notifying test listeners of end of test
2026-05-25 12:04:53,484 INFO o.a.j.g.u.JMeterMenuBar: setRunning(false, *local*)
2026-05-25 12:04:58,304 INFO o.a.j.e.StandardJMeterEngine: Running the test!
2026-05-25 12:04:58,305 INFO o.a.j.s.SampleEvent: List of sample_variables: []
2026-05-25 12:04:58,305 INFO o.a.j.g.u.JMeterMenuBar: setRunning(true, *local*)
2026-05-25 12:04:58,322 INFO o.a.j.e.StandardJMeterEngine: Starting ThreadGroup: 1 : Thread Group
2026-05-25 12:04:58,322 INFO o.a.j.e.StandardJMeterEngine: Starting 1 threads for group Thread Group.
2026-05-25 12:04:58,322 INFO o.a.j.e.StandardJMeterEngine: Thread will continue on error
2026-05-25 12:04:58,322 INFO o.a.j.t.ThreadGroup: Starting thread group... number=1 threads=1 ramp-up=1 delayedStart=false
2026-05-25 12:04:58,323 INFO o.a.j.t.ThreadGroup: Started thread group number 1
2026-05-25 12:04:58,323 INFO o.a.j.e.StandardJMeterEngine: All thread groups have been started
2026-05-25 12:04:58,323 INFO o.a.j.t.JMeterThread: Thread started: Thread Group 1-1
2026-05-25 12:04:58,327 INFO o.a.j.t.JMeterThread: Thread is done: Thread Group 1-1
2026-05-25 12:04:58,327 INFO o.a.j.t.JMeterThread: Thread finished: Thread Group 1-1
2026-05-25 12:04:58,327 INFO o.a.j.e.StandardJMeterEngine: Notifying test listeners of end of test
2026-05-25 12:04:58,327 INFO o.a.j.g.u.JMeterMenuBar: setRunning(false, *local*)
2026-05-25 12:04:59,371 INFO o.a.j.e.StandardJMeterEngine: Running the test!
2026-05-25 12:04:59,372 INFO o.a.j.s.SampleEvent: List of sample_variables: []
2026-05-25 12:04:59,372 INFO o.a.j.g.u.JMeterMenuBar: setRunning(true, *local*)
2026-05-25 12:04:59,387 INFO o.a.j.e.StandardJMeterEngine: Starting ThreadGroup: 1 : Thread Group
2026-05-25 12:04:59,387 INFO o.a.j.e.StandardJMeterEngine: Starting 1 threads for group Thread Group.
2026-05-25 12:04:59,387 INFO o.a.j.e.StandardJMeterEngine: Thread will continue on error
2026-05-25 12:04:59,387 INFO o.a.j.t.ThreadGroup: Starting thread group... number=1 threads=1 ramp-up=1 delayedStart=false
2026-05-25 12:04:59,387 INFO o.a.j.t.ThreadGroup: Started thread group number 1
2026-05-25 12:04:59,387 INFO o.a.j.e.StandardJMeterEngine: All thread groups have been started
2026-05-25 12:04:59,388 INFO o.a.j.t.JMeterThread: Thread started: Thread Group 1-1
2026-05-25 12:04:59,391 INFO o.a.j.t.JMeterThread: Thread is done: Thread Group 1-1
2026-05-25 12:04:59,391 INFO o.a.j.t.JMeterThread: Thread finished: Thread Group 1-1
2026-05-25 12:04:59,391 INFO o.a.j.e.StandardJMeterEngine: Notifying test listeners of end of test
2026-05-25 12:04:59,391 INFO o.a.j.g.u.JMeterMenuBar: setRunning(false, *local*)
2026-05-25 12:05:00,021 INFO o.a.j.e.StandardJMeterEngine: Running the test!
2026-05-25 12:05:00,021 INFO o.a.j.s.SampleEvent: List of sample_variables: []
2026-05-25 12:05:00,021 INFO o.a.j.g.u.JMeterMenuBar: setRunning(true, *local*)
2026-05-25 12:05:00,034 INFO o.a.j.e.StandardJMeterEngine: Starting ThreadGroup: 1 : Thread Group
2026-05-25 12:05:00,035 INFO o.a.j.e.StandardJMeterEngine: Starting 1 threads for group Thread Group.
2026-05-25 12:05:00,035 INFO o.a.j.e.StandardJMeterEngine: Thread will continue on error
2026-05-25 12:05:00,035 INFO o.a.j.t.ThreadGroup: Starting thread group... number=1 threads=1 ramp-up=1 delayedStart=false
2026-05-25 12:05:00,035 INFO o.a.j.t.ThreadGroup: Started thread group number 1
2026-05-25 12:05:00,035 INFO o.a.j.t.JMeterThread: Thread started: Thread Group 1-1
2026-05-25 12:05:00,035 INFO o.a.j.e.StandardJMeterEngine: All thread groups have been started
2026-05-25 12:05:00,039 INFO o.a.j.t.JMeterThread: Thread is done: Thread Group 1-1
2026-05-25 12:05:00,039 INFO o.a.j.t.JMeterThread: Thread finished: Thread Group 1-1
2026-05-25 12:05:00,039 INFO o.a.j.e.StandardJMeterEngine: Notifying test listeners of end of test
2026-05-25 12:05:00,039 INFO o.a.j.g.u.JMeterMenuBar: setRunning(false, *local*)
2026-05-25 12:05:17,941 INFO o.a.j.e.StandardJMeterEngine: Running the test!
2026-05-25 12:05:17,942 INFO o.a.j.s.SampleEvent: List of sample_variables: []
2026-05-25 12:05:17,943 INFO o.a.j.g.u.JMeterMenuBar: setRunning(true, *local*)
2026-05-25 12:05:17,973 INFO o.a.j.e.StandardJMeterEngine: Starting ThreadGroup: 1 : Thread Group
2026-05-25 12:05:17,974 INFO o.a.j.e.StandardJMeterEngine: Starting 1 threads for group Thread Group.
2026-05-25 12:05:17,974 INFO o.a.j.e.StandardJMeterEngine: Thread will continue on error
2026-05-25 12:05:17,974 INFO o.a.j.t.ThreadGroup: Starting thread group... number=1 threads=1 ramp-up=1 delayedStart=false
2026-05-25 12:05:17,975 INFO o.a.j.t.ThreadGroup: Started thread group number 1
2026-05-25 12:05:17,975 INFO o.a.j.e.StandardJMeterEngine: All thread groups have been started
2026-05-25 12:05:17,975 INFO o.a.j.t.JMeterThread: Thread started: Thread Group 1-1
2026-05-25 12:05:17,983 INFO o.a.j.t.JMeterThread: Thread is done: Thread Group 1-1
2026-05-25 12:05:17,983 INFO o.a.j.t.JMeterThread: Thread finished: Thread Group 1-1
2026-05-25 12:05:17,983 INFO o.a.j.e.StandardJMeterEngine: Notifying test listeners of end of test
2026-05-25 12:05:17,984 INFO o.a.j.g.u.JMeterMenuBar: setRunning(false, *local*)
2026-05-25 12:05:19,238 INFO o.a.j.e.StandardJMeterEngine: Running the test!
2026-05-25 12:05:19,239 INFO o.a.j.s.SampleEvent: List of sample_variables: []
2026-05-25 12:05:19,239 INFO o.a.j.g.u.JMeterMenuBar: setRunning(true, *local*)
2026-05-25 12:05:19,253 INFO o.a.j.e.StandardJMeterEngine: Starting ThreadGroup: 1 : Thread Group
2026-05-25 12:05:19,253 INFO o.a.j.e.StandardJMeterEngine: Starting 1 threads for group Thread Group.
2026-05-25 12:05:19,253 INFO o.a.j.e.StandardJMeterEngine: Thread will continue on error
2026-05-25 12:05:19,253 INFO o.a.j.t.ThreadGroup: Starting thread group... number=1 threads=1 ramp-up=1 delayedStart=false
2026-05-25 12:05:19,253 INFO o.a.j.t.ThreadGroup: Started thread group number 1
2026-05-25 12:05:19,253 INFO o.a.j.e.StandardJMeterEngine: All thread groups have been started
2026-05-25 12:05:19,253 INFO o.a.j.t.JMeterThread: Thread started: Thread Group 1-1
2026-05-25 12:05:19,257 INFO o.a.j.t.JMeterThread: Thread is done: Thread Group 1-1
2026-05-25 12:05:19,257 INFO o.a.j.t.JMeterThread: Thread finished: Thread Group 1-1
2026-05-25 12:05:19,258 INFO o.a.j.e.StandardJMeterEngine: Notifying test listeners of end of test
2026-05-25 12:05:19,258 INFO o.a.j.g.u.JMeterMenuBar: setRunning(false, *local*)
2026-05-25 12:05:20,489 INFO o.a.j.e.StandardJMeterEngine: Running the test!
2026-05-25 12:05:20,489 INFO o.a.j.s.SampleEvent: List of sample_variables: []
2026-05-25 12:05:20,490 INFO o.a.j.g.u.JMeterMenuBar: setRunning(true, *local*)
2026-05-25 12:05:20,504 INFO o.a.j.e.StandardJMeterEngine: Starting ThreadGroup: 1 : Thread Group
2026-05-25 12:05:20,504 INFO o.a.j.e.StandardJMeterEngine: Starting 1 threads for group Thread Group.
2026-05-25 12:05:20,504 INFO o.a.j.e.StandardJMeterEngine: Thread will continue on error
2026-05-25 12:05:20,504 INFO o.a.j.t.ThreadGroup: Starting thread group... number=1 threads=1 ramp-up=1 delayedStart=false
2026-05-25 12:05:20,505 INFO o.a.j.t.ThreadGroup: Started thread group number 1
2026-05-25 12:05:20,505 INFO o.a.j.e.StandardJMeterEngine: All thread groups have been started
2026-05-25 12:05:20,505 INFO o.a.j.t.JMeterThread: Thread started: Thread Group 1-1
2026-05-25 12:05:20,509 INFO o.a.j.t.JMeterThread: Thread is done: Thread Group 1-1
2026-05-25 12:05:20,509 INFO o.a.j.t.JMeterThread: Thread finished: Thread Group 1-1
2026-05-25 12:05:20,509 INFO o.a.j.e.StandardJMeterEngine: Notifying test listeners of end of test
2026-05-25 12:05:20,509 INFO o.a.j.g.u.JMeterMenuBar: setRunning(false, *local*)
2026-05-25 12:05:20,987 INFO o.a.j.e.StandardJMeterEngine: Running the test!
2026-05-25 12:05:20,987 INFO o.a.j.s.SampleEvent: List of sample_variables: []
2026-05-25 12:05:20,988 INFO o.a.j.g.u.JMeterMenuBar: setRunning(true, *local*)
2026-05-25 12:05:21,002 INFO o.a.j.e.StandardJMeterEngine: Starting ThreadGroup: 1 : Thread Group
2026-05-25 12:05:21,002 INFO o.a.j.e.StandardJMeterEngine: Starting 1 threads for group Thread Group.
2026-05-25 12:05:21,002 INFO o.a.j.e.StandardJMeterEngine: Thread will continue on error
2026-05-25 12:05:21,002 INFO o.a.j.t.ThreadGroup: Starting thread group... number=1 threads=1 ramp-up=1 delayedStart=false
2026-05-25 12:05:21,002 INFO o.a.j.t.ThreadGroup: Started thread group number 1
2026-05-25 12:05:21,002 INFO o.a.j.e.StandardJMeterEngine: All thread groups have been started
2026-05-25 12:05:21,003 INFO o.a.j.t.JMeterThread: Thread started: Thread Group 1-1
2026-05-25 12:05:21,007 INFO o.a.j.t.JMeterThread: Thread is done: Thread Group 1-1
2026-05-25 12:05:21,007 INFO o.a.j.t.JMeterThread: Thread finished: Thread Group 1-1
2026-05-25 12:05:21,007 INFO o.a.j.e.StandardJMeterEngine: Notifying test listeners of end of test
2026-05-25 12:05:21,007 INFO o.a.j.g.u.JMeterMenuBar: setRunning(false, *local*)
2026-05-25 12:05:21,220 INFO o.a.j.e.StandardJMeterEngine: Running the test!
2026-05-25 12:05:21,220 INFO o.a.j.s.SampleEvent: List of sample_variables: []
2026-05-25 12:05:21,221 INFO o.a.j.g.u.JMeterMenuBar: setRunning(true, *local*)
2026-05-25 12:05:21,234 INFO o.a.j.e.StandardJMeterEngine: Starting ThreadGroup: 1 : Thread Group
2026-05-25 12:05:21,234 INFO o.a.j.e.StandardJMeterEngine: Starting 1 threads for group Thread Group.
2026-05-25 12:05:21,235 INFO o.a.j.e.StandardJMeterEngine: Thread will continue on error
2026-05-25 12:05:21,235 INFO o.a.j.t.ThreadGroup: Starting thread group... number=1 threads=1 ramp-up=1 delayedStart=false
2026-05-25 12:05:21,235 INFO o.a.j.t.ThreadGroup: Started thread group number 1
2026-05-25 12:05:21,235 INFO o.a.j.e.StandardJMeterEngine: All thread groups have been started
2026-05-25 12:05:21,236 INFO o.a.j.t.JMeterThread: Thread started: Thread Group 1-1
2026-05-25 12:05:21,239 INFO o.a.j.t.JMeterThread: Thread is done: Thread Group 1-1
2026-05-25 12:05:21,239 INFO o.a.j.t.JMeterThread: Thread finished: Thread Group 1-1
2026-05-25 12:05:21,239 INFO o.a.j.e.StandardJMeterEngine: Notifying test listeners of end of test
2026-05-25 12:05:21,239 INFO o.a.j.g.u.JMeterMenuBar: setRunning(false, *local*)
2026-05-25 12:05:24,170 INFO o.a.j.e.StandardJMeterEngine: Running the test!
2026-05-25 12:05:24,171 INFO o.a.j.s.SampleEvent: List of sample_variables: []
2026-05-25 12:05:24,172 INFO o.a.j.g.u.JMeterMenuBar: setRunning(true, *local*)
2026-05-25 12:05:24,185 INFO o.a.j.e.StandardJMeterEngine: Starting ThreadGroup: 1 : Thread Group
2026-05-25 12:05:24,185 INFO o.a.j.e.StandardJMeterEngine: Starting 1 threads for group Thread Group.
2026-05-25 12:05:24,185 INFO o.a.j.e.StandardJMeterEngine: Thread will continue on error
2026-05-25 12:05:24,185 INFO o.a.j.t.ThreadGroup: Starting thread group... number=1 threads=1 ramp-up=1 delayedStart=false
2026-05-25 12:05:24,186 INFO o.a.j.t.ThreadGroup: Started thread group number 1
2026-05-25 12:05:24,186 INFO o.a.j.e.StandardJMeterEngine: All thread groups have been started
2026-05-25 12:05:24,186 INFO o.a.j.t.JMeterThread: Thread started: Thread Group 1-1
2026-05-25 12:05:24,189 INFO o.a.j.t.JMeterThread: Thread is done: Thread Group 1-1
2026-05-25 12:05:24,189 INFO o.a.j.t.JMeterThread: Thread finished: Thread Group 1-1
2026-05-25 12:05:24,190 INFO o.a.j.e.StandardJMeterEngine: Notifying test listeners of end of test
2026-05-25 12:05:24,190 INFO o.a.j.g.u.JMeterMenuBar: setRunning(false, *local*)
2026-05-25 12:05:27,037 INFO o.a.j.e.StandardJMeterEngine: Running the test!
2026-05-25 12:05:27,037 INFO o.a.j.s.SampleEvent: List of sample_variables: []
2026-05-25 12:05:27,037 INFO o.a.j.g.u.JMeterMenuBar: setRunning(true, *local*)
2026-05-25 12:05:27,051 INFO o.a.j.e.StandardJMeterEngine: Starting ThreadGroup: 1 : Thread Group
2026-05-25 12:05:27,052 INFO o.a.j.e.StandardJMeterEngine: Starting 1 threads for group Thread Group.
2026-05-25 12:05:27,052 INFO o.a.j.e.StandardJMeterEngine: Thread will continue on error
2026-05-25 12:05:27,052 INFO o.a.j.t.ThreadGroup: Starting thread group... number=1 threads=1 ramp-up=1 delayedStart=false
2026-05-25 12:05:27,052 INFO o.a.j.t.ThreadGroup: Started thread group number 1
2026-05-25 12:05:27,052 INFO o.a.j.e.StandardJMeterEngine: All thread groups have been started
2026-05-25 12:05:27,052 INFO o.a.j.t.JMeterThread: Thread started: Thread Group 1-1
2026-05-25 12:05:27,055 INFO o.a.j.t.JMeterThread: Thread is done: Thread Group 1-1
2026-05-25 12:05:27,055 INFO o.a.j.t.JMeterThread: Thread finished: Thread Group 1-1
2026-05-25 12:05:27,056 INFO o.a.j.e.StandardJMeterEngine: Notifying test listeners of end of test
2026-05-25 12:05:27,056 INFO o.a.j.g.u.JMeterMenuBar: setRunning(false, *local*)
2026-05-25 12:05:27,753 INFO o.a.j.e.StandardJMeterEngine: Running the test!
2026-05-25 12:05:27,754 INFO o.a.j.s.SampleEvent: List of sample_variables: []
2026-05-25 12:05:27,754 INFO o.a.j.g.u.JMeterMenuBar: setRunning(true, *local*)
2026-05-25 12:05:27,767 INFO o.a.j.e.StandardJMeterEngine: Starting ThreadGroup: 1 : Thread Group
2026-05-25 12:05:27,767 INFO o.a.j.e.StandardJMeterEngine: Starting 1 threads for group Thread Group.
2026-05-25 12:05:27,767 INFO o.a.j.e.StandardJMeterEngine: Thread will continue on error
2026-05-25 12:05:27,767 INFO o.a.j.t.ThreadGroup: Starting thread group... number=1 threads=1 ramp-up=1 delayedStart=false
2026-05-25 12:05:27,767 INFO o.a.j.t.ThreadGroup: Started thread group number 1
2026-05-25 12:05:27,767 INFO o.a.j.e.StandardJMeterEngine: All thread groups have been started
2026-05-25 12:05:27,767 INFO o.a.j.t.JMeterThread: Thread started: Thread Group 1-1
2026-05-25 12:05:27,770 INFO o.a.j.t.JMeterThread: Thread is done: Thread Group 1-1
2026-05-25 12:05:27,770 INFO o.a.j.t.JMeterThread: Thread finished: Thread Group 1-1
2026-05-25 12:05:27,770 INFO o.a.j.e.StandardJMeterEngine: Notifying test listeners of end of test
2026-05-25 12:05:27,770 INFO o.a.j.g.u.JMeterMenuBar: setRunning(false, *local*)
2026-05-25 12:05:28,454 INFO o.a.j.e.StandardJMeterEngine: Running the test!
2026-05-25 12:05:28,454 INFO o.a.j.s.SampleEvent: List of sample_variables: []
2026-05-25 12:05:28,455 INFO o.a.j.g.u.JMeterMenuBar: setRunning(true, *local*)
2026-05-25 12:05:28,470 INFO o.a.j.e.StandardJMeterEngine: Starting ThreadGroup: 1 : Thread Group
2026-05-25 12:05:28,470 INFO o.a.j.e.StandardJMeterEngine: Starting 1 threads for group Thread Group.
2026-05-25 12:05:28,470 INFO o.a.j.e.StandardJMeterEngine: Thread will continue on error
2026-05-25 12:05:28,470 INFO o.a.j.t.ThreadGroup: Starting thread group... number=1 threads=1 ramp-up=1 delayedStart=false
2026-05-25 12:05:28,471 INFO o.a.j.t.ThreadGroup: Started thread group number 1
2026-05-25 12:05:28,471 INFO o.a.j.e.StandardJMeterEngine: All thread groups have been started
2026-05-25 12:05:28,471 INFO o.a.j.t.JMeterThread: Thread started: Thread Group 1-1
2026-05-25 12:05:28,474 INFO o.a.j.t.JMeterThread: Thread is done: Thread Group 1-1
2026-05-25 12:05:28,474 INFO o.a.j.t.JMeterThread: Thread finished: Thread Group 1-1
2026-05-25 12:05:28,474 INFO o.a.j.e.StandardJMeterEngine: Notifying test listeners of end of test
2026-05-25 12:05:28,475 INFO o.a.j.g.u.JMeterMenuBar: setRunning(false, *local*)
2026-05-25 12:05:49,672 INFO o.a.j.e.StandardJMeterEngine: Running the test!
2026-05-25 12:05:49,673 INFO o.a.j.s.SampleEvent: List of sample_variables: []
2026-05-25 12:05:49,674 INFO o.a.j.g.u.JMeterMenuBar: setRunning(true, *local*)
2026-05-25 12:05:49,710 INFO o.a.j.e.StandardJMeterEngine: Starting ThreadGroup: 1 : Thread Group
2026-05-25 12:05:49,710 INFO o.a.j.e.StandardJMeterEngine: Starting 1 threads for group Thread Group.
2026-05-25 12:05:49,710 INFO o.a.j.e.StandardJMeterEngine: Thread will continue on error
2026-05-25 12:05:49,711 INFO o.a.j.t.ThreadGroup: Starting thread group... number=1 threads=1 ramp-up=1 delayedStart=false
2026-05-25 12:05:49,711 INFO o.a.j.t.ThreadGroup: Started thread group number 1
2026-05-25 12:05:49,711 INFO o.a.j.e.StandardJMeterEngine: All thread groups have been started
2026-05-25 12:05:49,715 INFO o.a.j.t.JMeterThread: Thread started: Thread Group 1-1
2026-05-25 12:05:49,721 INFO o.a.j.t.JMeterThread: Thread is done: Thread Group 1-1
2026-05-25 12:05:49,721 INFO o.a.j.t.JMeterThread: Thread finished: Thread Group 1-1
2026-05-25 12:05:49,722 INFO o.a.j.e.StandardJMeterEngine: Notifying test listeners of end of test
2026-05-25 12:05:49,722 INFO o.a.j.g.u.JMeterMenuBar: setRunning(false, *local*)
2026-05-25 12:05:50,820 INFO o.a.j.e.StandardJMeterEngine: Running the test!
2026-05-25 12:05:50,821 INFO o.a.j.s.SampleEvent: List of sample_variables: []
2026-05-25 12:05:50,821 INFO o.a.j.g.u.JMeterMenuBar: setRunning(true, *local*)
2026-05-25 12:05:50,839 INFO o.a.j.e.StandardJMeterEngine: Starting ThreadGroup: 1 : Thread Group
2026-05-25 12:05:50,839 INFO o.a.j.e.StandardJMeterEngine: Starting 1 threads for group Thread Group.
2026-05-25 12:05:50,839 INFO o.a.j.e.StandardJMeterEngine: Thread will continue on error
2026-05-25 12:05:50,840 INFO o.a.j.t.ThreadGroup: Starting thread group... number=1 threads=1 ramp-up=1 delayedStart=false
2026-05-25 12:05:50,840 INFO o.a.j.t.ThreadGroup: Started thread group number 1
2026-05-25 12:05:50,840 INFO o.a.j.e.StandardJMeterEngine: All thread groups have been started
2026-05-25 12:05:50,840 INFO o.a.j.t.JMeterThread: Thread started: Thread Group 1-1
2026-05-25 12:05:50,844 INFO o.a.j.t.JMeterThread: Thread is done: Thread Group 1-1
2026-05-25 12:05:50,845 INFO o.a.j.t.JMeterThread: Thread finished: Thread Group 1-1
2026-05-25 12:05:50,845 INFO o.a.j.e.StandardJMeterEngine: Notifying test listeners of end of test
2026-05-25 12:05:50,845 INFO o.a.j.g.u.JMeterMenuBar: setRunning(false, *local*)
2026-05-25 12:05:51,736 INFO o.a.j.e.StandardJMeterEngine: Running the test!
2026-05-25 12:05:51,736 INFO o.a.j.s.SampleEvent: List of sample_variables: []
2026-05-25 12:05:51,736 INFO o.a.j.g.u.JMeterMenuBar: setRunning(true, *local*)
2026-05-25 12:05:51,749 INFO o.a.j.e.StandardJMeterEngine: Starting ThreadGroup: 1 : Thread Group
2026-05-25 12:05:51,750 INFO o.a.j.e.StandardJMeterEngine: Starting 1 threads for group Thread Group.
2026-05-25 12:05:51,750 INFO o.a.j.e.StandardJMeterEngine: Thread will continue on error
2026-05-25 12:05:51,750 INFO o.a.j.t.ThreadGroup: Starting thread group... number=1 threads=1 ramp-up=1 delayedStart=false
2026-05-25 12:05:51,750 INFO o.a.j.t.ThreadGroup: Started thread group number 1
2026-05-25 12:05:51,750 INFO o.a.j.e.StandardJMeterEngine: All thread groups have been started
2026-05-25 12:05:51,750 INFO o.a.j.t.JMeterThread: Thread started: Thread Group 1-1
2026-05-25 12:05:51,753 INFO o.a.j.t.JMeterThread: Thread is done: Thread Group 1-1
2026-05-25 12:05:51,753 INFO o.a.j.t.JMeterThread: Thread finished: Thread Group 1-1
2026-05-25 12:05:51,753 INFO o.a.j.e.StandardJMeterEngine: Notifying test listeners of end of test
2026-05-25 12:05:51,753 INFO o.a.j.g.u.JMeterMenuBar: setRunning(false, *local*)
2026-05-25 12:05:52,503 INFO o.a.j.e.StandardJMeterEngine: Running the test!
2026-05-25 12:05:52,503 INFO o.a.j.s.SampleEvent: List of sample_variables: []
2026-05-25 12:05:52,503 INFO o.a.j.g.u.JMeterMenuBar: setRunning(true, *local*)
2026-05-25 12:05:52,517 INFO o.a.j.e.StandardJMeterEngine: Starting ThreadGroup: 1 : Thread Group
2026-05-25 12:05:52,518 INFO o.a.j.e.StandardJMeterEngine: Starting 1 threads for group Thread Group.
2026-05-25 12:05:52,518 INFO o.a.j.e.StandardJMeterEngine: Thread will continue on error
2026-05-25 12:05:52,518 INFO o.a.j.t.ThreadGroup: Starting thread group... number=1 threads=1 ramp-up=1 delayedStart=false
2026-05-25 12:05:52,518 INFO o.a.j.t.ThreadGroup: Started thread group number 1
2026-05-25 12:05:52,518 INFO o.a.j.e.StandardJMeterEngine: All thread groups have been started
2026-05-25 12:05:52,518 INFO o.a.j.t.JMeterThread: Thread started: Thread Group 1-1
2026-05-25 12:05:52,522 INFO o.a.j.t.JMeterThread: Thread is done: Thread Group 1-1
2026-05-25 12:05:52,522 INFO o.a.j.t.JMeterThread: Thread finished: Thread Group 1-1
2026-05-25 12:05:52,522 INFO o.a.j.e.StandardJMeterEngine: Notifying test listeners of end of test
2026-05-25 12:05:52,522 INFO o.a.j.g.u.JMeterMenuBar: setRunning(false, *local*)
2026-05-25 12:05:53,019 INFO o.a.j.e.StandardJMeterEngine: Running the test!
2026-05-25 12:05:53,019 INFO o.a.j.s.SampleEvent: List of sample_variables: []
2026-05-25 12:05:53,019 INFO o.a.j.g.u.JMeterMenuBar: setRunning(true, *local*)
2026-05-25 12:05:53,034 INFO o.a.j.e.StandardJMeterEngine: Starting ThreadGroup: 1 : Thread Group
2026-05-25 12:05:53,034 INFO o.a.j.e.StandardJMeterEngine: Starting 1 threads for group Thread Group.
2026-05-25 12:05:53,034 INFO o.a.j.e.StandardJMeterEngine: Thread will continue on error
2026-05-25 12:05:53,034 INFO o.a.j.t.ThreadGroup: Starting thread group... number=1 threads=1 ramp-up=1 delayedStart=false
2026-05-25 12:05:53,034 INFO o.a.j.t.ThreadGroup: Started thread group number 1
2026-05-25 12:05:53,034 INFO o.a.j.e.StandardJMeterEngine: All thread groups have been started
2026-05-25 12:05:53,034 INFO o.a.j.t.JMeterThread: Thread started: Thread Group 1-1
2026-05-25 12:05:53,037 INFO o.a.j.t.JMeterThread: Thread is done: Thread Group 1-1
2026-05-25 12:05:53,037 INFO o.a.j.t.JMeterThread: Thread finished: Thread Group 1-1
2026-05-25 12:05:53,037 INFO o.a.j.e.StandardJMeterEngine: Notifying test listeners of end of test
2026-05-25 12:05:53,037 INFO o.a.j.g.u.JMeterMenuBar: setRunning(false, *local*)
2026-05-25 12:08:10,359 INFO o.a.j.e.StandardJMeterEngine: Running the test!
2026-05-25 12:08:10,364 INFO o.a.j.s.SampleEvent: List of sample_variables: []
2026-05-25 12:08:10,365 INFO o.a.j.g.u.JMeterMenuBar: setRunning(true, *local*)
2026-05-25 12:08:10,391 INFO o.a.j.e.StandardJMeterEngine: Starting ThreadGroup: 1 : Thread Group
2026-05-25 12:08:10,391 INFO o.a.j.e.StandardJMeterEngine: Starting 1 threads for group Thread Group.
2026-05-25 12:08:10,391 INFO o.a.j.e.StandardJMeterEngine: Thread will continue on error
2026-05-25 12:08:10,391 INFO o.a.j.t.ThreadGroup: Starting thread group... number=1 threads=1 ramp-up=1 delayedStart=false
2026-05-25 12:08:10,392 INFO o.a.j.t.ThreadGroup: Started thread group number 1
2026-05-25 12:08:10,392 INFO o.a.j.e.StandardJMeterEngine: All thread groups have been started
2026-05-25 12:08:10,392 INFO o.a.j.t.JMeterThread: Thread started: Thread Group 1-1
2026-05-25 12:08:10,406 INFO o.a.j.t.JMeterThread: Thread is done: Thread Group 1-1
2026-05-25 12:08:10,406 INFO o.a.j.t.JMeterThread: Thread finished: Thread Group 1-1
2026-05-25 12:08:10,407 INFO o.a.j.e.StandardJMeterEngine: Notifying test listeners of end of test
2026-05-25 12:08:10,407 INFO o.a.j.g.u.JMeterMenuBar: setRunning(false, *local*)
2026-05-25 12:20:24,377 INFO o.a.j.r.ClassFinder: Will scan jar /opt/homebrew/Cellar/jmeter/5.6.3/libexec/lib/ext/jmeter-plugins-manager-1.9.jar with filter ExtendsClassFilter [parents=[interface org.apache.jmeter.visualizers.ResultRenderer], inner=false, contains=null, notContains=null]. Consider exposing JMeter plugins via META-INF/services, and add JMeter-Skip-Class-Scanning=true manifest attribute so JMeter can skip classfile scanning
2026-05-25 12:20:24,415 INFO o.a.j.r.ClassFinder: Will scan jar /opt/homebrew/Cellar/jmeter/5.6.3/libexec/lib/ext/jmeter-plugins-manager-1.9.jar with filter ExtendsClassFilter [parents=[interface org.apache.jmeter.visualizers.RequestView], inner=false, contains=null, notContains=null]. Consider exposing JMeter plugins via META-INF/services, and add JMeter-Skip-Class-Scanning=true manifest attribute so JMeter can skip classfile scanning
2026-05-25 12:20:57,916 INFO o.a.j.r.ClassFinder: Will scan jar /opt/homebrew/Cellar/jmeter/5.6.3/libexec/lib/ext/jmeter-plugins-manager-1.9.jar with filter ExtendsClassFilter [parents=[interface org.apache.jmeter.visualizers.ResultRenderer], inner=false, contains=null, notContains=null]. Consider exposing JMeter plugins via META-INF/services, and add JMeter-Skip-Class-Scanning=true manifest attribute so JMeter can skip classfile scanning
2026-05-25 12:20:57,934 INFO o.a.j.r.ClassFinder: Will scan jar /opt/homebrew/Cellar/jmeter/5.6.3/libexec/lib/ext/jmeter-plugins-manager-1.9.jar with filter ExtendsClassFilter [parents=[interface org.apache.jmeter.visualizers.RequestView], inner=false, contains=null, notContains=null]. Consider exposing JMeter plugins via META-INF/services, and add JMeter-Skip-Class-Scanning=true manifest attribute so JMeter can skip classfile scanning
2026-05-25 13:02:44,410 INFO o.a.j.e.StandardJMeterEngine: Running the test!
2026-05-25 13:02:44,413 INFO o.a.j.s.SampleEvent: List of sample_variables: []
2026-05-25 13:02:44,414 INFO o.a.j.g.u.JMeterMenuBar: setRunning(true, *local*)
2026-05-25 13:02:44,490 INFO o.a.j.e.StandardJMeterEngine: Starting ThreadGroup: 1 : Neura Explain Test
2026-05-25 13:02:44,490 INFO o.a.j.e.StandardJMeterEngine: Starting 1 threads for group Neura Explain Test.
2026-05-25 13:02:44,490 INFO o.a.j.e.StandardJMeterEngine: Thread will continue on error
2026-05-25 13:02:44,490 INFO o.a.j.t.ThreadGroup: Starting thread group... number=1 threads=1 ramp-up=1 delayedStart=false
2026-05-25 13:02:44,491 INFO o.a.j.t.ThreadGroup: Started thread group number 1
2026-05-25 13:02:44,491 INFO o.a.j.e.StandardJMeterEngine: All thread groups have been started
2026-05-25 13:02:44,491 INFO o.a.j.t.JMeterThread: Thread started: Neura Explain Test 1-1
2026-05-25 13:02:44,521 INFO o.a.j.t.JMeterThread: Thread is done: Neura Explain Test 1-1
2026-05-25 13:02:44,521 INFO o.a.j.t.JMeterThread: Thread finished: Neura Explain Test 1-1
2026-05-25 13:02:44,521 INFO o.a.j.e.StandardJMeterEngine: Notifying test listeners of end of test
2026-05-25 13:02:44,521 INFO o.a.j.g.u.JMeterMenuBar: setRunning(false, *local*)
2026-05-25 13:05:29,610 INFO o.a.j.e.StandardJMeterEngine: Running the test!
2026-05-25 13:05:29,611 INFO o.a.j.s.SampleEvent: List of sample_variables: []
2026-05-25 13:05:29,611 INFO o.a.j.g.u.JMeterMenuBar: setRunning(true, *local*)
2026-05-25 13:05:29,719 INFO o.a.j.e.StandardJMeterEngine: Starting ThreadGroup: 1 : Neura Explain Test
2026-05-25 13:05:29,719 INFO o.a.j.e.StandardJMeterEngine: Starting 1 threads for group Neura Explain Test.
2026-05-25 13:05:29,719 INFO o.a.j.e.StandardJMeterEngine: Thread will continue on error
2026-05-25 13:05:29,719 INFO o.a.j.t.ThreadGroup: Starting thread group... number=1 threads=1 ramp-up=1 delayedStart=false
2026-05-25 13:05:29,720 INFO o.a.j.t.ThreadGroup: Started thread group number 1
2026-05-25 13:05:29,720 INFO o.a.j.e.StandardJMeterEngine: All thread groups have been started
2026-05-25 13:05:29,720 INFO o.a.j.t.JMeterThread: Thread started: Neura Explain Test 1-1
2026-05-25 13:05:29,918 INFO o.a.j.t.JMeterThread: Thread is done: Neura Explain Test 1-1
2026-05-25 13:05:29,918 INFO o.a.j.t.JMeterThread: Thread finished: Neura Explain Test 1-1
2026-05-25 13:05:29,918 INFO o.a.j.e.StandardJMeterEngine: Notifying test listeners of end of test
2026-05-25 13:05:29,918 INFO o.a.j.g.u.JMeterMenuBar: setRunning(false, *local*)
2026-05-25 14:01:53,887 INFO o.a.j.e.StandardJMeterEngine: Running the test!
2026-05-25 14:01:53,895 INFO o.a.j.s.SampleEvent: List of sample_variables: []
2026-05-25 14:01:53,898 INFO o.a.j.g.u.JMeterMenuBar: setRunning(true, *local*)
2026-05-25 14:01:54,019 INFO o.a.j.e.StandardJMeterEngine: Starting ThreadGroup: 1 : Neura Explain Test
2026-05-25 14:01:54,019 INFO o.a.j.e.StandardJMeterEngine: Starting 1 threads for group Neura Explain Test.
2026-05-25 14:01:54,019 INFO o.a.j.e.StandardJMeterEngine: Thread will continue on error
2026-05-25 14:01:54,019 INFO o.a.j.t.ThreadGroup: Starting thread group... number=1 threads=1 ramp-up=1 delayedStart=false
2026-05-25 14:01:54,020 INFO o.a.j.t.ThreadGroup: Started thread group number 1
2026-05-25 14:01:54,020 INFO o.a.j.e.StandardJMeterEngine: All thread groups have been started
2026-05-25 14:01:54,020 INFO o.a.j.t.JMeterThread: Thread started: Neura Explain Test 1-1
2026-05-25 14:01:54,100 INFO o.a.j.t.JMeterThread: Thread is done: Neura Explain Test 1-1
2026-05-25 14:01:54,100 INFO o.a.j.t.JMeterThread: Thread finished: Neura Explain Test 1-1
2026-05-25 14:01:54,100 INFO o.a.j.e.StandardJMeterEngine: Notifying test listeners of end of test
2026-05-25 14:01:54,100 INFO o.a.j.g.u.JMeterMenuBar: setRunning(false, *local*)
2026-05-25 14:16:59,575 INFO o.a.j.e.StandardJMeterEngine: Running the test!
2026-05-25 14:16:59,576 INFO o.a.j.s.SampleEvent: List of sample_variables: []
2026-05-25 14:16:59,577 INFO o.a.j.g.u.JMeterMenuBar: setRunning(true, *local*)
2026-05-25 14:16:59,623 INFO o.a.j.e.StandardJMeterEngine: Starting ThreadGroup: 1 : Neura Explain Test
2026-05-25 14:16:59,623 INFO o.a.j.e.StandardJMeterEngine: Starting 1 threads for group Neura Explain Test.
2026-05-25 14:16:59,623 INFO o.a.j.e.StandardJMeterEngine: Thread will continue on error
2026-05-25 14:16:59,623 INFO o.a.j.t.ThreadGroup: Starting thread group... number=1 threads=1 ramp-up=1 delayedStart=false
2026-05-25 14:16:59,624 INFO o.a.j.t.ThreadGroup: Started thread group number 1
2026-05-25 14:16:59,624 INFO o.a.j.e.StandardJMeterEngine: All thread groups have been started
2026-05-25 14:16:59,624 INFO o.a.j.t.JMeterThread: Thread started: Neura Explain Test 1-1
2026-05-25 14:16:59,693 INFO o.a.j.t.JMeterThread: Thread is done: Neura Explain Test 1-1
2026-05-25 14:16:59,693 INFO o.a.j.t.JMeterThread: Thread finished: Neura Explain Test 1-1
2026-05-25 14:16:59,693 INFO o.a.j.e.StandardJMeterEngine: Notifying test listeners of end of test
2026-05-25 14:16:59,693 INFO o.a.j.g.u.JMeterMenuBar: setRunning(false, *local*)
2026-05-25 14:21:00,841 INFO o.a.j.e.StandardJMeterEngine: Running the test!
2026-05-25 14:21:00,843 INFO o.a.j.s.SampleEvent: List of sample_variables: []
2026-05-25 14:21:00,846 INFO o.a.j.g.u.JMeterMenuBar: setRunning(true, *local*)
2026-05-25 14:21:00,898 INFO o.a.j.e.StandardJMeterEngine: Starting ThreadGroup: 1 : Neura Explain Test
2026-05-25 14:21:00,899 INFO o.a.j.e.StandardJMeterEngine: Starting 1 threads for group Neura Explain Test.
2026-05-25 14:21:00,899 INFO o.a.j.e.StandardJMeterEngine: Thread will continue on error
2026-05-25 14:21:00,899 INFO o.a.j.t.ThreadGroup: Starting thread group... number=1 threads=1 ramp-up=1 delayedStart=false
2026-05-25 14:21:00,899 INFO o.a.j.t.ThreadGroup: Started thread group number 1
2026-05-25 14:21:00,900 INFO o.a.j.e.StandardJMeterEngine: All thread groups have been started
2026-05-25 14:21:00,900 INFO o.a.j.t.JMeterThread: Thread started: Neura Explain Test 1-1
2026-05-25 14:21:04,817 INFO o.a.j.t.JMeterThread: Thread is done: Neura Explain Test 1-1
2026-05-25 14:21:04,817 INFO o.a.j.t.JMeterThread: Thread finished: Neura Explain Test 1-1
2026-05-25 14:21:04,817 INFO o.a.j.e.StandardJMeterEngine: Notifying test listeners of end of test
2026-05-25 14:21:04,817 INFO o.a.j.g.u.JMeterMenuBar: setRunning(false, *local*)
2026-05-25 14:21:28,751 INFO o.a.j.e.StandardJMeterEngine: Running the test!
2026-05-25 14:21:28,752 INFO o.a.j.s.SampleEvent: List of sample_variables: []
2026-05-25 14:21:28,752 INFO o.a.j.g.u.JMeterMenuBar: setRunning(true, *local*)
2026-05-25 14:21:28,787 INFO o.a.j.e.StandardJMeterEngine: Starting ThreadGroup: 1 : Neura Explain Test
2026-05-25 14:21:28,787 INFO o.a.j.e.StandardJMeterEngine: Starting 1 threads for group Neura Explain Test.
2026-05-25 14:21:28,787 INFO o.a.j.e.StandardJMeterEngine: Thread will continue on error
2026-05-25 14:21:28,787 INFO o.a.j.t.ThreadGroup: Starting thread group... number=1 threads=1 ramp-up=1 delayedStart=false
2026-05-25 14:21:28,788 INFO o.a.j.t.ThreadGroup: Started thread group number 1
2026-05-25 14:21:28,788 INFO o.a.j.e.StandardJMeterEngine: All thread groups have been started
2026-05-25 14:21:28,788 INFO o.a.j.t.JMeterThread: Thread started: Neura Explain Test 1-1
2026-05-25 14:21:35,131 INFO o.a.j.t.JMeterThread: Thread is done: Neura Explain Test 1-1
2026-05-25 14:21:35,132 INFO o.a.j.t.JMeterThread: Thread finished: Neura Explain Test 1-1
2026-05-25 14:21:35,132 INFO o.a.j.e.StandardJMeterEngine: Notifying test listeners of end of test
2026-05-25 14:21:35,132 INFO o.a.j.g.u.JMeterMenuBar: setRunning(false, *local*)
2026-05-25 14:21:49,034 INFO o.a.j.e.StandardJMeterEngine: Running the test!
2026-05-25 14:21:49,035 INFO o.a.j.s.SampleEvent: List of sample_variables: []
2026-05-25 14:21:49,035 INFO o.a.j.g.u.JMeterMenuBar: setRunning(true, *local*)
2026-05-25 14:21:49,057 INFO o.a.j.e.StandardJMeterEngine: Starting ThreadGroup: 1 : Neura Explain Test
2026-05-25 14:21:49,057 INFO o.a.j.e.StandardJMeterEngine: Starting 1 threads for group Neura Explain Test.
2026-05-25 14:21:49,057 INFO o.a.j.e.StandardJMeterEngine: Thread will continue on error
2026-05-25 14:21:49,057 INFO o.a.j.t.ThreadGroup: Starting thread group... number=1 threads=1 ramp-up=1 delayedStart=false
2026-05-25 14:21:49,058 INFO o.a.j.t.ThreadGroup: Started thread group number 1
2026-05-25 14:21:49,058 INFO o.a.j.e.StandardJMeterEngine: All thread groups have been started
2026-05-25 14:21:49,058 INFO o.a.j.t.JMeterThread: Thread started: Neura Explain Test 1-1
2026-05-25 14:21:57,139 INFO o.a.j.t.JMeterThread: Thread is done: Neura Explain Test 1-1
2026-05-25 14:21:57,140 INFO o.a.j.t.JMeterThread: Thread finished: Neura Explain Test 1-1
2026-05-25 14:21:57,140 INFO o.a.j.e.StandardJMeterEngine: Notifying test listeners of end of test
2026-05-25 14:21:57,140 INFO o.a.j.g.u.JMeterMenuBar: setRunning(false, *local*)
2026-05-25 15:43:38,319 INFO o.a.j.e.StandardJMeterEngine: Running the test!
2026-05-25 15:43:38,337 INFO o.a.j.s.SampleEvent: List of sample_variables: []
2026-05-25 15:43:38,339 INFO o.a.j.g.u.JMeterMenuBar: setRunning(true, *local*)
2026-05-25 15:43:38,450 INFO o.a.j.e.StandardJMeterEngine: Starting ThreadGroup: 1 : Neura Explain Test
2026-05-25 15:43:38,450 INFO o.a.j.e.StandardJMeterEngine: Starting 1 threads for group Neura Explain Test.
2026-05-25 15:43:38,450 INFO o.a.j.e.StandardJMeterEngine: Thread will continue on error
2026-05-25 15:43:38,450 INFO o.a.j.t.ThreadGroup: Starting thread group... number=1 threads=1 ramp-up=1 delayedStart=false
2026-05-25 15:43:38,451 INFO o.a.j.t.ThreadGroup: Started thread group number 1
2026-05-25 15:43:38,451 INFO o.a.j.e.StandardJMeterEngine: All thread groups have been started
2026-05-25 15:43:38,451 INFO o.a.j.t.JMeterThread: Thread started: Neura Explain Test 1-1
2026-05-25 15:43:40,992 INFO o.a.j.t.JMeterThread: Thread is done: Neura Explain Test 1-1
2026-05-25 15:43:40,992 INFO o.a.j.t.JMeterThread: Thread finished: Neura Explain Test 1-1
2026-05-25 15:43:40,993 INFO o.a.j.e.StandardJMeterEngine: Notifying test listeners of end of test
2026-05-25 15:43:40,993 INFO o.a.j.g.u.JMeterMenuBar: setRunning(false, *local*)
